\BOOKMARK [0][-]{section*.2}{List of Tables}{}% 1
\BOOKMARK [0][-]{section*.4}{List of Figures}{}% 2
\BOOKMARK [0][-]{chapter.1}{Introduction}{}% 3
\BOOKMARK [1][-]{section.1.1}{Background and Motivation}{chapter.1}% 4
\BOOKMARK [1][-]{section.1.2}{Thesis Outline}{chapter.1}% 5
\BOOKMARK [0][-]{chapter.2}{Related Work}{}% 6
\BOOKMARK [1][-]{section.2.1}{Pre-processing Techniques}{chapter.2}% 7
\BOOKMARK [2][-]{subsection.2.1.1}{Camera calibration}{section.2.1}% 8
\BOOKMARK [2][-]{subsection.2.1.2}{Dynamic range adjustment \(DRA\)}{section.2.1}% 9
\BOOKMARK [1][-]{section.2.2}{Detection Techniques}{chapter.2}% 10
\BOOKMARK [2][-]{subsection.2.2.1}{Detection through Colors}{section.2.2}% 11
\BOOKMARK [2][-]{subsection.2.2.2}{Detection through Shapes}{section.2.2}% 12
\BOOKMARK [2][-]{subsection.2.2.3}{Hybrid Methods}{section.2.2}% 13
\BOOKMARK [1][-]{section.2.3}{Classification Techniques}{chapter.2}% 14
\BOOKMARK [1][-]{section.2.4}{Tracking Techniques}{chapter.2}% 15
\BOOKMARK [0][-]{chapter.3}{Traffic Signs Dataset Creation}{}% 16
\BOOKMARK [1][-]{section.3.1}{Background}{chapter.3}% 17
\BOOKMARK [1][-]{section.3.2}{Traffic Sign Specifications}{chapter.3}% 18
\BOOKMARK [2][-]{subsection.3.2.1}{Differences between European and North American Signs}{section.3.2}% 19
\BOOKMARK [1][-]{section.3.3}{Dataset Creation Process}{chapter.3}% 20
\BOOKMARK [2][-]{subsection.3.3.1}{ Data Collection}{section.3.3}% 21
\BOOKMARK [2][-]{subsection.3.3.2}{Data Organization}{section.3.3}% 22
\BOOKMARK [0][-]{chapter.4}{TSDR System Architecture Design}{}% 23
\BOOKMARK [1][-]{section.4.1}{Algorithm used in Detection Stage}{chapter.4}% 24
\BOOKMARK [2][-]{subsection.4.1.1}{HOG Descriptors}{section.4.1}% 25
\BOOKMARK [2][-]{subsection.4.1.2}{MSER Segmentation Used for Detection}{section.4.1}% 26
\BOOKMARK [1][-]{section.4.2}{Algorithm used in Classification Stage}{chapter.4}% 27
\BOOKMARK [2][-]{subsection.4.2.1}{Support Vector Machines \(SVMs\)}{section.4.2}% 28
\BOOKMARK [2][-]{subsection.4.2.2}{Tree Classifiers}{section.4.2}% 29
\BOOKMARK [1][-]{section.4.3}{HOG Parameters Comparison}{chapter.4}% 30
\BOOKMARK [2][-]{subsection.4.3.1}{Building an Effective Weight Vector}{section.4.3}% 31
\BOOKMARK [1][-]{section.4.4}{Different Architecture Design for TSDR systems}{chapter.4}% 32
\BOOKMARK [2][-]{subsection.4.4.1}{Two Stages of HOG+SVM Architecture}{section.4.4}% 33
\BOOKMARK [2][-]{subsection.4.4.2}{Color Information Extraction Architecture}{section.4.4}% 34
\BOOKMARK [2][-]{subsection.4.4.3}{ MSER Improvement Architecture }{section.4.4}% 35
\BOOKMARK [1][-]{section.4.5}{Data Analysis}{chapter.4}% 36
\BOOKMARK [0][-]{chapter.5}{Traffic Signs Detection and Recognition without Cameras}{}% 37
\BOOKMARK [1][-]{section.5.1}{Introduction}{chapter.5}% 38
\BOOKMARK [1][-]{section.5.2}{Algorithm of Computing the Distances on the Earth}{chapter.5}% 39
\BOOKMARK [1][-]{section.5.3}{System Design}{chapter.5}% 40
\BOOKMARK [1][-]{section.5.4}{Simulation on Client-side}{chapter.5}% 41
\BOOKMARK [0][-]{chapter.6}{Conclusion and Future Plans}{}% 42
\BOOKMARK [1][-]{section.6.1}{Conclusion}{chapter.6}% 43
\BOOKMARK [1][-]{section.6.2}{Future Plans}{chapter.6}% 44
\BOOKMARK [0][-]{section*.28}{References}{}% 45
